  rendered family additive
  rendered family fm
  rendered family formant
  rendered family phasedist
  rendered family spectral
  rendered family wavefold
  wrote spectral__c0361b60a7.wav
  wrote wavefold__8d80286c7b.wav
  wrote formant__28ef7ad38e.wav
  wrote spectral__66c49aff9e.wav
  wrote fm__12099d9199.wav
  wrote additive__e175920b72.wav
  wrote additive__990c9e1459.wav
  wrote spectral__d79ac3e9de.wav
  wrote phasedist__e75bb5f71c.wav
  wrote additive__bfdbdcf879.wav
  wrote wavefold__fdb5c1b78b.wav
  wrote fm__ede177f8f7.wav
  wrote fm__08c9867326.wav
  wrote fm__968c6d2899.wav
  wrote formant__1ca614d574.wav
  wrote wavefold__5c29b183a1.wav
  wrote phasedist__a389634622.wav
  wrote additive__0f21865855.wav
  wrote fm__c0f1def53a.wav
  wrote formant__72cc3b9de8.wav
  wrote wavefold__2ca4ccd811.wav
  wrote formant__17c3f135e6.wav
  wrote phasedist__62cdfe2362.wav
